[2023-06-24 12:58:21] [ INFO ] [PacienteService:20] Guardando Paciente
[2023-06-24 12:58:44] [ INFO ] [OdontologoService:19] Guardando odontólogo
[2023-06-24 13:01:05] [ INFO ] [PacienteService:41] Buscando Paciente por email
[2023-06-24 13:01:31] [ INFO ] [PacienteService:41] Buscando Paciente por email
[2023-06-24 18:01:11] [ INFO ] [OdontologoService:19] Guardando odontólogo
[2023-06-24 18:12:52] [ INFO ] [OdontologoService:19] Guardando odontólogo
[2023-06-24 18:12:52] [ INFO ] [OdontologoService:34] Eliminando odontólogo
[2023-06-24 18:14:13] [ INFO ] [OdontologoService:19] Guardando odontólogo
[2023-06-24 18:14:13] [ INFO ] [OdontologoService:34] Eliminando odontólogo
[2023-06-24 20:25:46] [ INFO ] [OdontologoService:19] Guardando odontólogo
[2023-06-24 20:25:46] [ INFO ] [OdontologoService:34] Eliminando odontólogo
[2023-06-25 19:16:35] [ INFO ] [OdontologoService:19] Guardando odontólogo
[2023-06-25 19:16:35] [ INFO ] [OdontologoService:34] Eliminando odontólogo
[2023-06-25 19:17:15] [ INFO ] [OdontologoService:19] Guardando odontólogo
[2023-06-25 19:17:15] [ INFO ] [OdontologoService:34] Eliminando odontólogo
[2023-06-25 19:37:03] [ INFO ] [OdontologoService:19] Guardando odontólogo
[2023-06-25 19:37:03] [ INFO ] [OdontologoService:34] Eliminando odontólogo
[2023-06-25 19:40:38] [ INFO ] [OdontologoService:19] Guardando odontólogo
[2023-06-25 19:40:39] [ INFO ] [OdontologoService:34] Eliminando odontólogo
[2023-06-25 19:41:47] [ INFO ] [OdontologoService:19] Guardando odontólogo
[2023-06-25 19:41:47] [ INFO ] [OdontologoService:34] Eliminando odontólogo
[2023-06-25 19:47:30] [ INFO ] [OdontologoService:19] Guardando odontólogo
[2023-06-25 19:47:30] [ INFO ] [OdontologoService:34] Eliminando odontólogo
[2023-06-25 19:55:10] [ INFO ] [OdontologoService:19] Guardando odontólogo
[2023-06-25 19:55:11] [ INFO ] [OdontologoService:34] Eliminando odontólogo
[2023-06-25 19:58:21] [ INFO ] [OdontologoService:19] Guardando odontólogo
[2023-06-25 19:58:21] [ INFO ] [OdontologoService:34] Eliminando odontólogo
[2023-06-25 20:00:21] [ INFO ] [OdontologoService:19] Guardando odontólogo
[2023-06-25 20:00:22] [ INFO ] [OdontologoService:34] Eliminando odontólogo
[2023-06-25 20:02:43] [ INFO ] [OdontologoService:19] Guardando odontólogo
[2023-06-25 20:02:43] [ INFO ] [OdontologoService:34] Eliminando odontólogo
[2023-06-25 20:09:58] [ INFO ] [OdontologoService:19] Guardando odontólogo
[2023-06-25 20:09:58] [ INFO ] [OdontologoService:34] Eliminando odontólogo
[2023-06-25 20:29:23] [ INFO ] [OdontologoService:19] Guardando odontólogo
[2023-06-25 20:29:23] [ INFO ] [OdontologoService:34] Eliminando odontólogo
[2023-06-25 20:34:00] [ INFO ] [OdontologoService:19] Guardando odontólogo
[2023-06-25 20:34:00] [ INFO ] [OdontologoService:34] Eliminando odontólogo
[2023-06-25 20:36:06] [ INFO ] [OdontologoService:39] Listando odontólogo
[2023-06-25 20:36:14] [ INFO ] [OdontologoService:39] Listando odontólogo
[2023-06-26 09:35:32] [ INFO ] [OdontologoService:39] Listando odontólogo
[2023-06-26 09:35:38] [ INFO ] [OdontologoService:39] Listando odontólogo
[2023-06-26 09:35:39] [ INFO ] [OdontologoService:39] Listando odontólogo
[2023-06-26 10:43:49] [ INFO ] [OdontologoService:39] Listando odontólogo
[2023-06-26 10:51:31] [ INFO ] [OdontologoService:39] Listando odontólogo
[2023-06-26 11:06:34] [ INFO ] [OdontologoService:39] Listando odontólogo
[2023-06-26 11:08:38] [ INFO ] [OdontologoService:39] Listando odontólogo
[2023-06-26 11:08:40] [ INFO ] [OdontologoService:39] Listando odontólogo
[2023-06-26 11:08:41] [ INFO ] [OdontologoService:39] Listando odontólogo
[2023-06-26 11:26:10] [ INFO ] [OdontologoService:39] Listando odontólogo
[2023-06-26 11:58:34] [ INFO ] [OdontologoService:19] Guardando odontólogo
[2023-06-26 11:58:53] [ INFO ] [OdontologoService:39] Listando odontólogo
[2023-06-26 12:04:17] [ INFO ] [OdontologoService:19] Guardando odontólogo
[2023-06-26 12:04:21] [ INFO ] [OdontologoService:39] Listando odontólogo
[2023-06-26 12:08:35] [ INFO ] [OdontologoService:19] Guardando odontólogo
[2023-06-26 12:08:38] [ INFO ] [OdontologoService:39] Listando odontólogo
[2023-06-26 12:19:58] [ INFO ] [OdontologoService:19] Guardando odontólogo
[2023-06-26 12:20:06] [ INFO ] [OdontologoService:19] Guardando odontólogo
[2023-06-26 12:20:10] [ INFO ] [OdontologoService:39] Listando odontólogo
[2023-06-26 12:25:10] [ INFO ] [OdontologoService:39] Listando odontólogo
[2023-06-26 12:25:35] [ INFO ] [OdontologoService:19] Guardando odontólogo
[2023-06-26 12:25:47] [ INFO ] [OdontologoService:19] Guardando odontólogo
[2023-06-26 12:25:53] [ INFO ] [OdontologoService:39] Listando odontólogo
[2023-06-26 12:26:00] [ INFO ] [OdontologoService:39] Listando odontólogo
[2023-06-26 12:26:10] [ INFO ] [OdontologoService:39] Listando odontólogo
[2023-06-26 12:26:44] [ INFO ] [OdontologoService:19] Guardando odontólogo
[2023-06-26 12:26:53] [ INFO ] [OdontologoService:39] Listando odontólogo
[2023-06-26 12:27:19] [ INFO ] [OdontologoService:39] Listando odontólogo
[2023-06-26 12:27:20] [ INFO ] [OdontologoService:39] Listando odontólogo
[2023-06-26 12:27:20] [ INFO ] [OdontologoService:39] Listando odontólogo
[2023-06-26 12:27:20] [ INFO ] [OdontologoService:39] Listando odontólogo
[2023-06-26 12:30:04] [ INFO ] [OdontologoService:19] Guardando odontólogo
[2023-06-26 12:30:07] [ INFO ] [OdontologoService:39] Listando odontólogo
[2023-06-26 12:32:28] [ INFO ] [OdontologoService:39] Listando odontólogo
[2023-06-26 12:32:42] [ INFO ] [OdontologoService:19] Guardando odontólogo
[2023-06-26 12:32:46] [ INFO ] [OdontologoService:39] Listando odontólogo
[2023-06-26 12:36:16] [ INFO ] [OdontologoService:39] Listando odontólogo
[2023-06-26 12:36:17] [ INFO ] [OdontologoService:39] Listando odontólogo
[2023-06-26 12:36:17] [ INFO ] [OdontologoService:39] Listando odontólogo
[2023-06-26 12:36:18] [ INFO ] [OdontologoService:39] Listando odontólogo
[2023-06-26 12:36:34] [ INFO ] [OdontologoService:39] Listando odontólogo
[2023-06-26 12:36:56] [ INFO ] [OdontologoService:19] Guardando odontólogo
[2023-06-26 12:37:00] [ INFO ] [OdontologoService:39] Listando odontólogo
[2023-06-26 12:37:04] [ INFO ] [OdontologoService:39] Listando odontólogo
[2023-06-26 12:37:05] [ INFO ] [OdontologoService:39] Listando odontólogo
[2023-06-26 12:37:05] [ INFO ] [OdontologoService:39] Listando odontólogo
[2023-06-26 12:37:05] [ INFO ] [OdontologoService:39] Listando odontólogo
[2023-06-26 12:37:05] [ INFO ] [OdontologoService:39] Listando odontólogo
[2023-06-26 12:37:54] [ INFO ] [OdontologoService:19] Guardando odontólogo
[2023-06-26 12:37:58] [ INFO ] [OdontologoService:39] Listando odontólogo
[2023-06-26 12:38:05] [ INFO ] [OdontologoService:39] Listando odontólogo
[2023-06-26 12:38:05] [ INFO ] [OdontologoService:39] Listando odontólogo
[2023-06-26 12:38:05] [ INFO ] [OdontologoService:39] Listando odontólogo
[2023-06-26 12:38:06] [ INFO ] [OdontologoService:39] Listando odontólogo
[2023-06-26 12:38:08] [ INFO ] [OdontologoService:39] Listando odontólogo
[2023-06-26 12:38:17] [ INFO ] [OdontologoService:39] Listando odontólogo
[2023-06-26 12:42:43] [ INFO ] [OdontologoService:19] Guardando odontólogo
[2023-06-26 12:42:46] [ INFO ] [OdontologoService:39] Listando odontólogo
[2023-06-26 12:45:46] [ INFO ] [OdontologoService:19] Guardando odontólogo
[2023-06-26 12:45:49] [ INFO ] [OdontologoService:39] Listando odontólogo
[2023-06-26 12:46:19] [ INFO ] [OdontologoService:39] Listando odontólogo
[2023-06-26 12:46:20] [ INFO ] [OdontologoService:39] Listando odontólogo
[2023-06-26 12:46:20] [ INFO ] [OdontologoService:39] Listando odontólogo
[2023-06-26 12:46:20] [ INFO ] [OdontologoService:39] Listando odontólogo
[2023-06-26 12:46:38] [ INFO ] [OdontologoService:39] Listando odontólogo
[2023-06-26 12:46:46] [ INFO ] [OdontologoService:19] Guardando odontólogo
[2023-06-26 12:46:49] [ INFO ] [OdontologoService:39] Listando odontólogo
[2023-06-26 12:46:53] [ INFO ] [OdontologoService:39] Listando odontólogo
[2023-06-26 12:46:53] [ INFO ] [OdontologoService:39] Listando odontólogo
[2023-06-26 12:46:54] [ INFO ] [OdontologoService:39] Listando odontólogo
[2023-06-26 12:46:54] [ INFO ] [OdontologoService:39] Listando odontólogo
[2023-06-26 12:48:19] [ INFO ] [OdontologoService:39] Listando odontólogo
[2023-06-26 12:48:27] [ INFO ] [OdontologoService:19] Guardando odontólogo
[2023-06-26 12:48:30] [ INFO ] [OdontologoService:39] Listando odontólogo
[2023-06-26 12:49:22] [ INFO ] [OdontologoService:19] Guardando odontólogo
[2023-06-26 12:49:26] [ INFO ] [OdontologoService:39] Listando odontólogo
[2023-06-26 12:50:42] [ INFO ] [OdontologoService:39] Listando odontólogo
[2023-06-26 12:50:49] [ INFO ] [OdontologoService:19] Guardando odontólogo
[2023-06-26 12:50:52] [ INFO ] [OdontologoService:39] Listando odontólogo
[2023-06-26 12:52:03] [ INFO ] [OdontologoService:19] Guardando odontólogo
[2023-06-26 12:52:06] [ INFO ] [OdontologoService:39] Listando odontólogo
[2023-06-26 12:58:09] [ INFO ] [OdontologoService:39] Listando odontólogo
[2023-06-26 12:59:11] [ INFO ] [OdontologoService:19] Guardando odontólogo
[2023-06-26 13:00:17] [ INFO ] [OdontologoService:19] Guardando odontólogo
[2023-06-26 13:00:23] [ INFO ] [OdontologoService:39] Listando odontólogo
[2023-06-26 13:01:16] [ INFO ] [OdontologoService:19] Guardando odontólogo
[2023-06-26 13:02:24] [ INFO ] [OdontologoService:19] Guardando odontólogo
[2023-06-26 13:02:34] [ INFO ] [OdontologoService:39] Listando odontólogo
[2023-06-26 13:08:44] [ INFO ] [OdontologoService:19] Guardando odontólogo
[2023-06-26 13:08:48] [ INFO ] [OdontologoService:39] Listando odontólogo
[2023-06-26 13:43:06] [ INFO ] [OdontologoService:19] Guardando odontólogo
[2023-06-26 13:43:12] [ INFO ] [OdontologoService:39] Listando odontólogo
[2023-06-26 13:48:27] [ INFO ] [OdontologoService:19] Guardando odontólogo
[2023-06-26 13:48:30] [ INFO ] [OdontologoService:39] Listando odontólogo
[2023-06-26 13:48:33] [ INFO ] [OdontologoService:39] Listando odontólogo
[2023-06-26 13:48:43] [ INFO ] [OdontologoService:19] Guardando odontólogo
[2023-06-26 13:48:49] [ INFO ] [OdontologoService:39] Listando odontólogo
[2023-06-26 13:48:51] [ INFO ] [OdontologoService:39] Listando odontólogo
[2023-06-26 13:48:52] [ INFO ] [OdontologoService:39] Listando odontólogo
[2023-06-26 13:49:24] [ INFO ] [OdontologoService:19] Guardando odontólogo
[2023-06-26 13:49:28] [ INFO ] [OdontologoService:39] Listando odontólogo
[2023-06-26 13:49:31] [ INFO ] [OdontologoService:39] Listando odontólogo
[2023-06-26 13:49:46] [ INFO ] [OdontologoService:39] Listando odontólogo
[2023-06-26 13:50:47] [ INFO ] [OdontologoService:19] Guardando odontólogo
[2023-06-26 13:50:50] [ INFO ] [OdontologoService:39] Listando odontólogo
[2023-06-26 13:55:16] [ INFO ] [OdontologoService:19] Guardando odontólogo
[2023-06-26 13:55:20] [ INFO ] [OdontologoService:39] Listando odontólogo
[2023-06-26 13:56:03] [ INFO ] [OdontologoService:39] Listando odontólogo
[2023-06-26 19:13:31] [ INFO ] [OdontologoService:19] Guardando odontólogo
[2023-06-26 19:13:45] [ INFO ] [OdontologoService:19] Guardando odontólogo
[2023-06-26 19:13:53] [ INFO ] [OdontologoService:19] Guardando odontólogo
[2023-06-26 19:13:57] [ INFO ] [OdontologoService:39] Listando odontólogo
[2023-06-26 19:16:29] [ INFO ] [OdontologoService:39] Listando odontólogo
[2023-06-26 19:17:10] [ INFO ] [OdontologoService:39] Listando odontólogo
[2023-06-26 19:47:26] [ INFO ] [OdontologoService:39] Listando odontólogo
[2023-06-26 19:47:35] [ INFO ] [OdontologoService:19] Guardando odontólogo
[2023-06-26 19:47:39] [ INFO ] [OdontologoService:39] Listando odontólogo
[2023-06-26 19:48:57] [ INFO ] [OdontologoService:39] Listando odontólogo
[2023-06-26 19:49:04] [ INFO ] [OdontologoService:19] Guardando odontólogo
[2023-06-26 19:49:07] [ INFO ] [OdontologoService:39] Listando odontólogo
[2023-06-26 20:55:22] [ INFO ] [OdontologoService:19] Guardando odontólogo
[2023-06-26 20:55:31] [ INFO ] [OdontologoService:19] Guardando odontólogo
[2023-06-26 20:55:35] [ INFO ] [OdontologoService:39] Listando odontólogo
[2023-06-26 21:05:23] [ INFO ] [OdontologoService:19] Guardando odontólogo
[2023-06-26 21:05:26] [ INFO ] [OdontologoService:39] Listando odontólogo
[2023-06-26 21:31:17] [ INFO ] [OdontologoService:19] Guardando odontólogo
[2023-06-26 21:31:20] [ INFO ] [OdontologoService:39] Listando odontólogo
[2023-06-26 21:42:51] [ INFO ] [OdontologoService:39] Listando odontólogo
[2023-06-26 21:43:02] [ INFO ] [OdontologoService:19] Guardando odontólogo
[2023-06-26 21:43:06] [ INFO ] [OdontologoService:39] Listando odontólogo
[2023-06-26 22:02:23] [ INFO ] [OdontologoService:19] Guardando odontólogo
[2023-06-26 22:02:26] [ INFO ] [OdontologoService:39] Listando odontólogo
[2023-06-26 22:02:27] [ INFO ] [OdontologoService:24] Buscando odontólogo
[2023-06-26 22:02:27] [ INFO ] [OdontologoService:34] Eliminando odontólogo
[2023-06-26 22:02:35] [ INFO ] [OdontologoService:39] Listando odontólogo
[2023-06-26 22:02:52] [ INFO ] [OdontologoService:19] Guardando odontólogo
[2023-06-26 22:02:55] [ INFO ] [OdontologoService:39] Listando odontólogo
[2023-06-26 22:03:18] [ INFO ] [OdontologoService:24] Buscando odontólogo
[2023-06-26 22:03:18] [ INFO ] [OdontologoService:34] Eliminando odontólogo
[2023-06-26 22:03:32] [ INFO ] [OdontologoService:39] Listando odontólogo
[2023-06-26 22:04:04] [ INFO ] [OdontologoService:19] Guardando odontólogo
[2023-06-26 22:04:07] [ INFO ] [OdontologoService:39] Listando odontólogo
[2023-06-26 22:04:08] [ INFO ] [OdontologoService:24] Buscando odontólogo
[2023-06-26 22:04:14] [ INFO ] [OdontologoService:24] Buscando odontólogo
[2023-06-26 22:05:54] [ INFO ] [OdontologoService:24] Buscando odontólogo
[2023-06-26 22:06:07] [ INFO ] [OdontologoService:39] Listando odontólogo
[2023-06-27 09:56:27] [ INFO ] [OdontologoService:19] Guardando odontólogo
[2023-06-27 09:56:32] [ INFO ] [OdontologoService:19] Guardando odontólogo
[2023-06-27 09:56:36] [ INFO ] [OdontologoService:39] Listando odontólogo
[2023-06-27 09:56:39] [ INFO ] [OdontologoService:24] Buscando odontólogo
[2023-06-27 09:56:39] [ INFO ] [OdontologoService:34] Eliminando odontólogo
[2023-06-27 09:56:41] [ INFO ] [OdontologoService:24] Buscando odontólogo
[2023-06-27 13:25:26] [ INFO ] [OdontologoService:19] Guardando odontólogo
[2023-06-27 13:25:35] [ INFO ] [OdontologoService:19] Guardando odontólogo
[2023-06-27 13:25:40] [ INFO ] [OdontologoService:39] Listando odontólogo
[2023-06-27 13:45:22] [ INFO ] [OdontologoService:19] Guardando odontólogo
[2023-06-27 13:45:32] [ INFO ] [OdontologoService:19] Guardando odontólogo
[2023-06-27 13:45:34] [ INFO ] [OdontologoService:39] Listando odontólogo
[2023-06-27 13:45:39] [ INFO ] [OdontologoService:24] Buscando odontólogo
[2023-06-27 13:45:42] [ INFO ] [OdontologoService:39] Listando odontólogo
[2023-06-27 13:45:44] [ INFO ] [OdontologoService:39] Listando odontólogo
[2023-06-27 13:45:45] [ INFO ] [OdontologoService:24] Buscando odontólogo
[2023-06-27 13:46:19] [ INFO ] [OdontologoService:39] Listando odontólogo
[2023-06-27 13:46:57] [ INFO ] [OdontologoService:19] Guardando odontólogo
[2023-06-27 13:47:04] [ INFO ] [OdontologoService:19] Guardando odontólogo
[2023-06-27 13:47:07] [ INFO ] [OdontologoService:39] Listando odontólogo
[2023-06-27 13:47:10] [ INFO ] [OdontologoService:24] Buscando odontólogo
[2023-06-27 13:47:18] [ INFO ] [OdontologoService:39] Listando odontólogo
[2023-06-27 13:47:21] [ INFO ] [OdontologoService:24] Buscando odontólogo
[2023-06-27 13:47:38] [ INFO ] [OdontologoService:39] Listando odontólogo
[2023-06-27 13:47:40] [ INFO ] [OdontologoService:39] Listando odontólogo
[2023-06-27 13:47:41] [ INFO ] [OdontologoService:39] Listando odontólogo
[2023-06-27 13:47:41] [ INFO ] [OdontologoService:39] Listando odontólogo
[2023-06-27 13:47:41] [ INFO ] [OdontologoService:39] Listando odontólogo
[2023-06-27 13:47:43] [ INFO ] [OdontologoService:24] Buscando odontólogo
[2023-06-27 13:47:43] [ INFO ] [OdontologoService:34] Eliminando odontólogo
[2023-06-27 13:47:44] [ INFO ] [OdontologoService:24] Buscando odontólogo
[2023-06-27 13:48:05] [ INFO ] [OdontologoService:39] Listando odontólogo
[2023-06-27 13:48:10] [ INFO ] [OdontologoService:39] Listando odontólogo
[2023-06-27 13:49:10] [ INFO ] [OdontologoService:39] Listando odontólogo
[2023-06-27 13:55:06] [ INFO ] [OdontologoService:19] Guardando odontólogo
[2023-06-27 13:55:19] [ INFO ] [OdontologoService:19] Guardando odontólogo
[2023-06-27 13:55:22] [ INFO ] [OdontologoService:39] Listando odontólogo
[2023-06-27 13:55:27] [ INFO ] [OdontologoService:24] Buscando odontólogo
[2023-06-27 13:55:32] [ INFO ] [OdontologoService:39] Listando odontólogo
[2023-06-27 13:55:35] [ INFO ] [OdontologoService:39] Listando odontólogo
[2023-06-27 13:55:35] [ INFO ] [OdontologoService:39] Listando odontólogo
[2023-06-27 13:55:36] [ INFO ] [OdontologoService:39] Listando odontólogo
[2023-06-27 13:55:36] [ INFO ] [OdontologoService:39] Listando odontólogo
[2023-06-27 13:55:39] [ INFO ] [OdontologoService:24] Buscando odontólogo
[2023-06-27 14:01:03] [ INFO ] [OdontologoService:39] Listando odontólogo
[2023-06-27 14:01:05] [ INFO ] [OdontologoService:24] Buscando odontólogo
[2023-06-27 14:01:19] [ INFO ] [OdontologoService:39] Listando odontólogo
[2023-06-27 14:01:23] [ INFO ] [OdontologoService:24] Buscando odontólogo
[2023-06-27 14:01:23] [ INFO ] [OdontologoService:34] Eliminando odontólogo
[2023-06-27 14:01:24] [ INFO ] [OdontologoService:24] Buscando odontólogo
[2023-06-27 14:01:30] [ INFO ] [OdontologoService:39] Listando odontólogo
[2023-06-27 14:01:34] [ INFO ] [OdontologoService:39] Listando odontólogo
[2023-06-27 14:01:35] [ INFO ] [OdontologoService:39] Listando odontólogo
[2023-06-27 14:01:35] [ INFO ] [OdontologoService:39] Listando odontólogo
[2023-06-27 14:01:35] [ INFO ] [OdontologoService:39] Listando odontólogo
[2023-06-27 14:01:35] [ INFO ] [OdontologoService:39] Listando odontólogo
[2023-06-27 14:01:36] [ INFO ] [OdontologoService:39] Listando odontólogo
[2023-06-27 14:01:36] [ INFO ] [OdontologoService:39] Listando odontólogo
[2023-06-27 14:01:36] [ INFO ] [OdontologoService:39] Listando odontólogo
[2023-06-28 19:07:10] [ INFO ] [OdontologoService:19] Guardando odontólogo
[2023-06-28 19:07:13] [ INFO ] [OdontologoService:39] Listando odontólogo
[2023-06-28 19:07:22] [ INFO ] [OdontologoService:24] Buscando odontólogo
[2023-06-28 19:07:29] [ INFO ] [OdontologoService:39] Listando odontólogo
[2023-06-28 19:48:25] [ INFO ] [OdontologoService:19] Guardando odontólogo
[2023-06-28 19:48:28] [ INFO ] [OdontologoService:39] Listando odontólogo
[2023-06-28 19:48:29] [ INFO ] [OdontologoService:24] Buscando odontólogo
[2023-06-28 19:48:30] [ INFO ] [OdontologoService:24] Buscando odontólogo
[2023-06-28 19:48:33] [ INFO ] [OdontologoService:39] Listando odontólogo
[2023-06-28 19:48:34] [ INFO ] [OdontologoService:24] Buscando odontólogo
[2023-06-28 19:48:34] [ INFO ] [OdontologoService:34] Eliminando odontólogo
[2023-06-29 10:57:43] [ INFO ] [OdontologoService:19] Guardando odontólogo
[2023-06-29 10:57:46] [ INFO ] [OdontologoService:39] Listando odontólogo
[2023-06-29 10:57:48] [ INFO ] [OdontologoService:24] Buscando odontólogo
[2023-06-29 10:57:48] [ INFO ] [OdontologoService:34] Eliminando odontólogo
[2023-06-29 10:57:55] [ INFO ] [OdontologoService:19] Guardando odontólogo
[2023-06-29 10:57:59] [ INFO ] [OdontologoService:39] Listando odontólogo
[2023-06-29 10:58:00] [ INFO ] [OdontologoService:24] Buscando odontólogo
